<?xml version="1.0" encoding="UTF-8"?>
<testsuite xmlns:xsi="http://www.w3.org/2001/XMLSchema-instance" xsi:noNamespaceSchemaLocation="https://maven.apache.org/surefire/maven-surefire-plugin/xsd/surefire-test-report-3.0.xsd" version="3.0" name="com.example.SportsTrackerTest" time="0.352" tests="5" errors="0" skipped="0" failures="0">
  <properties>
    <property name="java.specification.version" value="21"/>
    <property name="sun.jnu.encoding" value="UTF-8"/>
    <property name="java.class.path" value="/home/jafestro/weekly_sports_time_tracker/target/test-classes:/home/jafestro/weekly_sports_time_tracker/target/classes:/home/jafestro/.m2/repository/junit/junit/4.13.1/junit-4.13.1.jar:/home/jafestro/.m2/repository/org/hamcrest/hamcrest-core/1.3/hamcrest-core-1.3.jar:/home/jafestro/.m2/repository/org/junit/jupiter/junit-jupiter/5.11.1/junit-jupiter-5.11.1.jar:/home/jafestro/.m2/repository/org/junit/jupiter/junit-jupiter-api/5.11.1/junit-jupiter-api-5.11.1.jar:/home/jafestro/.m2/repository/org/opentest4j/opentest4j/1.3.0/opentest4j-1.3.0.jar:/home/jafestro/.m2/repository/org/junit/platform/junit-platform-commons/1.11.1/junit-platform-commons-1.11.1.jar:/home/jafestro/.m2/repository/org/apiguardian/apiguardian-api/1.1.2/apiguardian-api-1.1.2.jar:/home/jafestro/.m2/repository/org/junit/jupiter/junit-jupiter-params/5.11.1/junit-jupiter-params-5.11.1.jar:/home/jafestro/.m2/repository/org/junit/jupiter/junit-jupiter-engine/5.11.1/junit-jupiter-engine-5.11.1.jar:/home/jafestro/.m2/repository/org/junit/platform/junit-platform-engine/1.11.1/junit-platform-engine-1.11.1.jar:/home/jafestro/.m2/repository/com/github/stefanbirkner/system-rules/1.19.0/system-rules-1.19.0.jar:"/>
    <property name="java.vm.vendor" value="Ubuntu"/>
    <property name="sun.arch.data.model" value="64"/>
    <property name="java.vendor.url" value="https://ubuntu.com/"/>
    <property name="os.name" value="Linux"/>
    <property name="java.vm.specification.version" value="21"/>
    <property name="sun.java.launcher" value="SUN_STANDARD"/>
    <property name="sun.boot.library.path" value="/usr/lib/jvm/java-21-openjdk-amd64/lib"/>
    <property name="sun.java.command" value="/home/jafestro/weekly_sports_time_tracker/target/surefire/surefirebooter4851474172691354900.jar /home/jafestro/weekly_sports_time_tracker/target/surefire 2024-09-30T21-13-13_061-jvmRun1 surefire3808740334587493651tmp surefire_06672791369395390732tmp"/>
    <property name="jdk.debug" value="release"/>
    <property name="test" value="com.example.SportsTrackerTest"/>
    <property name="surefire.test.class.path" value="/home/jafestro/weekly_sports_time_tracker/target/test-classes:/home/jafestro/weekly_sports_time_tracker/target/classes:/home/jafestro/.m2/repository/junit/junit/4.13.1/junit-4.13.1.jar:/home/jafestro/.m2/repository/org/hamcrest/hamcrest-core/1.3/hamcrest-core-1.3.jar:/home/jafestro/.m2/repository/org/junit/jupiter/junit-jupiter/5.11.1/junit-jupiter-5.11.1.jar:/home/jafestro/.m2/repository/org/junit/jupiter/junit-jupiter-api/5.11.1/junit-jupiter-api-5.11.1.jar:/home/jafestro/.m2/repository/org/opentest4j/opentest4j/1.3.0/opentest4j-1.3.0.jar:/home/jafestro/.m2/repository/org/junit/platform/junit-platform-commons/1.11.1/junit-platform-commons-1.11.1.jar:/home/jafestro/.m2/repository/org/apiguardian/apiguardian-api/1.1.2/apiguardian-api-1.1.2.jar:/home/jafestro/.m2/repository/org/junit/jupiter/junit-jupiter-params/5.11.1/junit-jupiter-params-5.11.1.jar:/home/jafestro/.m2/repository/org/junit/jupiter/junit-jupiter-engine/5.11.1/junit-jupiter-engine-5.11.1.jar:/home/jafestro/.m2/repository/org/junit/platform/junit-platform-engine/1.11.1/junit-platform-engine-1.11.1.jar:/home/jafestro/.m2/repository/com/github/stefanbirkner/system-rules/1.19.0/system-rules-1.19.0.jar:"/>
    <property name="sun.cpu.endian" value="little"/>
    <property name="user.home" value="/home/jafestro"/>
    <property name="user.language" value="en"/>
    <property name="java.specification.vendor" value="Oracle Corporation"/>
    <property name="java.version.date" value="2024-07-16"/>
    <property name="java.home" value="/usr/lib/jvm/java-21-openjdk-amd64"/>
    <property name="file.separator" value="/"/>
    <property name="basedir" value="/home/jafestro/weekly_sports_time_tracker"/>
    <property name="java.vm.compressedOopsMode" value="32-bit"/>
    <property name="line.separator" value="&#10;"/>
    <property name="java.specification.name" value="Java Platform API Specification"/>
    <property name="java.vm.specification.vendor" value="Oracle Corporation"/>
    <property name="surefire.real.class.path" value="/home/jafestro/weekly_sports_time_tracker/target/surefire/surefirebooter4851474172691354900.jar"/>
    <property name="sun.management.compiler" value="HotSpot 64-Bit Tiered Compilers"/>
    <property name="java.runtime.version" value="21.0.4+7-Ubuntu-1ubuntu222.04"/>
    <property name="user.name" value="jafestro"/>
    <property name="stdout.encoding" value="UTF-8"/>
    <property name="path.separator" value=":"/>
    <property name="os.version" value="5.15.153.1-microsoft-standard-WSL2"/>
    <property name="java.runtime.name" value="OpenJDK Runtime Environment"/>
    <property name="file.encoding" value="UTF-8"/>
    <property name="java.vm.name" value="OpenJDK 64-Bit Server VM"/>
    <property name="maven.ext.class.path" value="/home/jafestro/.vscode-server/extensions/oracle.oracle-java-22.1.2/nbcode/java/maven-nblib/netbeans-eventspy.jar"/>
    <property name="localRepository" value="/home/jafestro/.m2/repository"/>
    <property name="java.vendor.url.bug" value="https://bugs.launchpad.net/ubuntu/+source/openjdk-21"/>
    <property name="java.io.tmpdir" value="/tmp"/>
    <property name="java.version" value="21.0.4"/>
    <property name="user.dir" value="/home/jafestro/weekly_sports_time_tracker"/>
    <property name="os.arch" value="amd64"/>
    <property name="java.vm.specification.name" value="Java Virtual Machine Specification"/>
    <property name="native.encoding" value="UTF-8"/>
    <property name="java.library.path" value="/usr/java/packages/lib:/usr/lib/x86_64-linux-gnu/jni:/lib/x86_64-linux-gnu:/usr/lib/x86_64-linux-gnu:/usr/lib/jni:/lib:/usr/lib"/>
    <property name="java.vm.info" value="mixed mode, sharing"/>
    <property name="stderr.encoding" value="UTF-8"/>
    <property name="java.vendor" value="Ubuntu"/>
    <property name="java.vm.version" value="21.0.4+7-Ubuntu-1ubuntu222.04"/>
    <property name="sun.io.unicode.encoding" value="UnicodeLittle"/>
    <property name="java.class.version" value="65.0"/>
  </properties>
  <testcase name="testCalculateTotalTimeWithNoActivities" classname="com.example.SportsTrackerTest" time="0.167"/>
  <testcase name="testCalculateTotalTimeWithLoggedActivities" classname="com.example.SportsTrackerTest" time="0.035">
    <system-out><![CDATA[Activity logged: Yoga for 30 minutes.
Activity logged: Jogging for 40 minutes.
]]></system-out>
  </testcase>
  <testcase name="testLogActivity" classname="com.example.SportsTrackerTest" time="0.01">
    <system-out><![CDATA[Activity logged: Running for 30 minutes.
]]></system-out>
  </testcase>
  <testcase name="testViewActivitiesWithNoActivities" classname="com.example.SportsTrackerTest" time="0.004"/>
  <testcase name="testViewActivitiesWithLoggedActivities" classname="com.example.SportsTrackerTest" time="0.005">
    <system-out><![CDATA[Activity logged: Swimming for 45 minutes.
Activity logged: Cycling for 60 minutes.
]]></system-out>
  </testcase>
</testsuite>